<?xml version="1.0" encoding="UTF-8"?>
<!-- Generated by org.testng.reporters.JUnitReportReporter -->
<testsuite skipped="0" hostname="Ravikumar-PC" name="Tests.SecondTC" tests="1" failures="0" timestamp="08 Mar 2018 04:00:56 GMT" time="0.021" errors="0">
  <testcase name="SecondTC" time="0.021" classname="Tests.SecondTC"/>
</testsuite> <!-- Tests.SecondTC -->
