<?xml version="1.0" encoding="UTF-8"?>
<!-- Generated by org.testng.reporters.JUnitReportReporter -->
<testsuite hostname="Ravikumar-PC" name="Tests.CopyOfCompare2XMLFiles" tests="1" failures="0" timestamp="22 Sep 2017 10:47:34 GMT" time="0.555" errors="0">
  <testcase name="main" time="0.555" classname="Tests.CopyOfCompare2XMLFiles"/>
</testsuite> <!-- Tests.CopyOfCompare2XMLFiles -->
