<?xml version="1.0" encoding="UTF-8"?>
<!-- Generated by org.testng.reporters.JUnitReportReporter -->
<testsuite skipped="0" hostname="Ravikumar-PC" name="Tests.Screenshot" tests="1" failures="0" timestamp="27 Apr 2018 06:58:39 GMT" time="19.892" errors="0">
  <testcase name="Screenshot" time="19.892" classname="Tests.Screenshot"/>
</testsuite> <!-- Tests.Screenshot -->
