<?xml version="1.0" encoding="UTF-8"?>
<!-- Generated by org.testng.reporters.JUnitReportReporter -->
<testsuite hostname="Ravikumar-PC" name="Tests.Compare2XMLFiles" tests="1" failures="0" timestamp="22 Sep 2017 10:42:50 GMT" time="0.551" errors="0">
  <testcase name="main" time="0.551" classname="Tests.Compare2XMLFiles"/>
</testsuite> <!-- Tests.Compare2XMLFiles -->
