<?xml version="1.0" encoding="UTF-8"?>
<!-- Generated by org.testng.reporters.JUnitReportReporter -->
<testsuite skipped="0" hostname="Ravikumar-PC" name="Tests.FirstTC" tests="1" failures="0" timestamp="27 Apr 2018 06:58:39 GMT" time="0.002" errors="0">
  <testcase name="FirstTC" time="0.002" classname="Tests.FirstTC"/>
</testsuite> <!-- Tests.FirstTC -->
