<?xml version="1.0" encoding="UTF-8"?>
<!-- Generated by org.testng.reporters.JUnitReportReporter -->
<testsuite hostname="Ravikumar-PC" name="Tests.CopyOfFirstTC" tests="1" failures="0" timestamp="22 Sep 2017 12:19:20 GMT" time="8.539" errors="0">
  <testcase name="FirstTC" time="8.539" classname="Tests.CopyOfFirstTC"/>
</testsuite> <!-- Tests.CopyOfFirstTC -->
