<?xml version="1.0" encoding="UTF-8"?>
<!-- Generated by org.testng.reporters.JUnitReportReporter -->
<testsuite hostname="Ravikumar-PC" name="Tests.Testcase2" tests="2" failures="0" timestamp="9 Sep 2017 15:51:22 GMT" time="0.011" errors="0">
  <testcase name="quicker" time="0.005" classname="Tests.Testcase2"/>
  <testcase name="carwale" time="0.006" classname="Tests.Testcase2"/>
</testsuite> <!-- Tests.Testcase2 -->
